<?xml version="1.0" encoding="UTF-8"?>
<testng-results ignored="0" total="1" passed="1" failed="0" skipped="0">
  <reporter-output>
  </reporter-output>
  <suite started-at="2026-06-17T14:42:33 IST" name="All Test Suite" finished-at="2026-06-17T14:42:42 IST" duration-ms="8912">
    <groups>
    </groups>
    <test started-at="2026-06-17T14:42:33 IST" name="C:/Users/2494367/Downloads/Testing/src/test/java/testbases/BaseClass.java" finished-at="2026-06-17T14:42:42 IST" duration-ms="8912">
      <class name="testbases.BaseClass">
        <test-method signature="setUp()[pri:0, instance:testbases.BaseClass@37afeb11]" started-at="2026-06-17T14:42:34 IST" name="setUp" finished-at="2026-06-17T14:42:40 IST" duration-ms="6408" status="PASS">
          <reporter-output>
          </reporter-output>
        </test-method> <!-- setUp -->
        <test-method is-config="true" signature="tearDown()[pri:0, instance:testbases.BaseClass@37afeb11]" started-at="2026-06-17T14:42:40 IST" name="tearDown" finished-at="2026-06-17T14:42:42 IST" duration-ms="1990" status="PASS">
          <reporter-output>
          </reporter-output>
        </test-method> <!-- tearDown -->
      </class> <!-- testbases.BaseClass -->
    </test> <!-- C:/Users/2494367/Downloads/Testing/src/test/java/testbases/BaseClass.java -->
  </suite> <!-- All Test Suite -->
</testng-results>
